-------------------------------------------------------------------------------
Test set: HMH_Test.HMH_Test.apiTest
-------------------------------------------------------------------------------
Tests run: 3, Failures: 1, Errors: 0, Skipped: 0, Time elapsed: 5.192 sec <<< FAILURE!
testInvalidAuthorization(HMH_Test.HMH_Test.apiTest)  Time elapsed: 0.597 sec  <<< FAILURE!
java.lang.AssertionError: expected [401] but found [200]
	at org.testng.Assert.fail(Assert.java:99)
	at org.testng.Assert.failNotEquals(Assert.java:1037)
	at org.testng.Assert.assertEqualsImpl(Assert.java:140)
	at org.testng.Assert.assertEquals(Assert.java:122)
	at org.testng.Assert.assertEquals(Assert.java:907)
	at org.testng.Assert.assertEquals(Assert.java:917)
	at HMH_Test.HMH_Test.apiTest.testInvalidAuthorization(apiTest.java:30)

