<?xml version="1.0" encoding="UTF-8"?>
<!-- Generated by org.testng.reporters.JUnitXMLReporter -->
<testsuite ignored="0" hostname="DESKTOP-DFS6590" failures="1" tests="3" name="Command line test" time="4.717" errors="0" timestamp="2024-01-17T13:08:32 GMT">
  <testcase classname="HMH_Test.HMH_Test.apiTest" name="testFavQuote" time="1.758"/>
  <testcase classname="HMH_Test.HMH_Test.apiTest" name="testInvalidAuthorization" time="0.591">
    <failure type="java.lang.AssertionError" message="expected [401] but found [200]">
      <![CDATA[java.lang.AssertionError: expected [401] but found [200]
at HMH_Test.HMH_Test.apiTest.testInvalidAuthorization(apiTest.java:30)
at java.base/java.util.ArrayList.forEach(ArrayList.java:1596)
... Removed 38 stack frames]]>
    </failure>
  </testcase> <!-- testInvalidAuthorization -->
  <testcase classname="HMH_Test.HMH_Test.apiTest" name="testListQuotes" time="1.522"/>
</testsuite> <!-- Command line test -->
